Iteration	Posterior	Likelihood	Prior	is_bd_state_dependent	is_birth_hidden	is_birth_state_dependent	is_death_hidden	is_death_state_dependent	is_reversible	is_spCompletion_state_dependent
0	-773.6943	-689.6283	-84.06603	1	0	0	1	1	1	0
100	-641.0108	-577.6477	-63.36311	1	1	1	1	0	0	1
200	-629.9657	-576.264	-53.70167	1	1	0	1	1	1	0
300	-637.9807	-572.8552	-65.12554	1	1	1	0	1	0	0
400	-637.2599	-570.1931	-67.06675	1	1	1	1	0	1	1
500	-654.7287	-575.6547	-79.07403	1	1	1	1	1	0	0
600	-631.3875	-577.5659	-53.82162	1	1	1	0	0	0	0
700	-632.7724	-574.6186	-58.15377	1	1	1	0	1	0	0
800	-644.0708	-576.6705	-67.4003	1	1	1	1	1	0	1
900	-628.6687	-572.9802	-55.68849	1	1	1	0	1	1	1
1000	-636.8293	-577.5665	-59.26271	1	1	1	1	1	1	0
1100	-639.5388	-577.9147	-61.62408	1	1	1	1	0	0	1
1200	-646.1056	-575.951	-70.15454	1	1	1	1	1	0	1
1300	-645.5048	-580.001	-65.50381	1	1	0	0	1	0	1
1400	-644.3829	-577.4603	-66.92265	1	1	1	0	0	1	0
1500	-647.9171	-580.1135	-67.80354	1	1	1	0	1	0	1
1600	-646.0874	-578.1005	-67.98687	1	1	1	0	1	1	1
1700	-643.0029	-581.2697	-61.73325	1	1	1	1	1	1	1
1800	-637.259	-573.0557	-64.20332	1	1	1	0	0	0	1
1900	-643.9389	-581.1757	-62.76318	1	1	0	0	1	0	0
2000	-629.4417	-572.2754	-57.16627	1	1	1	0	0	1	0
2100	-633.9698	-578.3604	-55.60941	1	1	1	1	1	1	1
2200	-656.408	-582.0636	-74.34444	1	1	1	1	0	0	1
2300	-627.8367	-570.45	-57.38669	1	1	1	0	0	0	0
2400	-633.8122	-578.7337	-55.07854	1	1	1	0	1	0	0
2500	-642.2767	-575.5412	-66.73551	1	1	0	0	1	1	0
2600	-633.8594	-576.631	-57.22846	1	1	1	0	1	1	0
2700	-626.1238	-570.3499	-55.77392	1	1	1	0	1	0	0
2800	-640.712	-574.7823	-65.92967	1	1	1	1	1	1	0
2900	-626.4012	-571.942	-54.45924	1	1	1	0	1	0	1
3000	-641.3544	-576.83	-64.52439	1	1	1	0	0	0	0
3100	-647.0845	-580.7058	-66.37871	1	1	1	1	1	1	1
3200	-650.0303	-580.8616	-69.16874	1	1	1	1	0	0	1
3300	-633.3026	-574.9021	-58.40048	0	1	0	1	0	0	0
3400	-649.5557	-580.0932	-69.46249	1	1	1	1	1	0	1
3500	-643.9651	-578.6836	-65.28152	1	1	0	0	1	0	0
3600	-645.2992	-579.0805	-66.21868	1	1	1	0	0	0	0
3700	-646.3227	-578.7325	-67.59022	1	1	1	0	0	1	0
3800	-630.9435	-569.067	-61.87644	1	1	1	1	1	0	1
3900	-633.8078	-572.6118	-61.19598	1	1	1	1	1	0	1
4000	-638.9909	-575.6896	-63.30133	1	1	0	0	1	0	0
4100	-637.5829	-575.5753	-62.00755	1	1	1	0	0	0	1
4200	-640.818	-574.6883	-66.12974	1	1	1	1	1	1	0
4300	-628.3097	-571.4711	-56.83865	1	1	0	1	1	1	0
4400	-635.1677	-574.0594	-61.10828	1	1	0	0	1	0	1
4500	-642.3138	-585.2202	-57.09363	1	1	1	1	1	0	0
4600	-639.0319	-571.9736	-67.05836	1	1	1	1	0	1	0
4700	-633.5743	-574.1767	-59.39759	1	1	1	1	0	0	1
4800	-659.1635	-578.0551	-81.10839	1	1	1	1	1	1	1
4900	-648.3679	-583.8588	-64.50915	1	1	1	0	0	0	0
5000	-632.711	-573.3013	-59.40969	1	1	1	1	0	0	1
5100	-638.8616	-584.234	-54.62755	0	1	0	1	0	1	0
5200	-632.0809	-579.0483	-53.03258	1	1	1	0	0	1	0
5300	-643.8452	-580.3788	-63.46638	1	1	1	1	1	0	0
5400	-637.3235	-573.4623	-63.86119	1	1	1	1	0	0	1
5500	-631.021	-574.9003	-56.12064	1	1	1	1	1	0	0
5600	-632.9157	-576.9668	-55.94884	1	1	1	1	0	0	0
5700	-634.6307	-575.7829	-58.84771	1	1	1	0	0	0	1
5800	-625.0072	-572.7746	-52.23256	1	1	1	1	1	0	0
5900	-629.9349	-572.4819	-57.45306	1	1	1	1	0	1	1
6000	-640.1854	-573.8356	-66.34977	1	1	1	1	0	0	1
6100	-648.0927	-581.3625	-66.73022	1	1	1	0	1	1	0
6200	-639.9949	-574.0289	-65.96599	1	1	1	1	1	1	0
6300	-636.8972	-573.554	-63.34313	1	1	1	1	0	0	0
6400	-647.674	-580.4889	-67.18502	1	1	1	0	1	0	0
6500	-630.6668	-573.9248	-56.74198	1	1	1	0	1	1	1
6600	-628.9498	-571.6874	-57.26247	1	1	1	0	1	0	1
6700	-641.0926	-573.3989	-67.69365	1	1	1	0	0	1	1
6800	-638.3923	-573.5418	-64.85043	1	1	1	0	0	0	0
6900	-637.29	-573.6324	-63.65753	1	1	1	0	0	1	1
7000	-654.534	-584.8179	-69.71613	1	1	1	1	0	1	0
7100	-644.224	-581.5076	-62.71644	1	1	1	0	1	1	1
7200	-640.361	-573.6776	-66.68336	1	1	1	0	0	0	0
7300	-642.9714	-578.6924	-64.27897	1	1	1	0	1	0	0
7400	-638.6103	-577.3959	-61.21438	1	1	1	0	0	0	1
7500	-635.394	-572.2845	-63.10945	1	1	1	1	0	0	1
7600	-638.5127	-574.2574	-64.25537	1	1	1	0	1	1	1
7700	-630.8768	-573.6499	-57.22688	1	1	1	0	1	1	1
7800	-636.563	-577.631	-58.93207	1	1	1	1	0	0	0
7900	-639.3854	-577.869	-61.51636	1	1	1	0	0	1	1
8000	-645.6294	-576.1336	-69.49578	1	1	1	0	0	0	0
8100	-637.5667	-578.5841	-58.98261	1	1	0	0	1	0	1
8200	-633.847	-575.4887	-58.35831	1	1	1	1	0	0	0
8300	-631.749	-571.2176	-60.53141	1	1	1	1	1	0	1
8400	-649.2869	-577.673	-71.61381	1	1	0	0	1	0	0
8500	-650.4056	-580.6443	-69.76129	1	1	0	0	1	1	0
8600	-637.8366	-574.0544	-63.78218	1	1	1	1	1	0	1
8700	-643.3536	-573.5951	-69.75848	1	1	1	0	0	0	1
8800	-650.6453	-584.2272	-66.41807	1	1	1	0	1	0	1
8900	-646.2344	-575.5462	-70.68829	1	1	1	1	0	1	0
9000	-643.3357	-578.7376	-64.59807	1	1	1	1	1	0	0
9100	-628.4191	-574.3104	-54.10864	1	1	1	1	0	1	0
9200	-642.82	-580.2446	-62.57541	1	1	1	0	1	1	0
9300	-643.2166	-576.9078	-66.30878	1	1	1	0	1	0	1
9400	-640.5591	-578.2218	-62.33728	1	1	1	1	1	1	1
9500	-639.0935	-576.4845	-62.60905	1	1	1	1	1	0	1
9600	-634.0031	-576.615	-57.38803	1	1	1	0	1	0	1
9700	-638.3662	-572.9839	-65.38234	1	1	1	0	1	1	0
9800	-641.0434	-576.6879	-64.3555	1	1	1	0	1	1	0
9900	-632.3851	-575.7769	-56.60821	1	1	1	0	1	0	0
10000	-630.7602	-574.2517	-56.50855	1	1	1	0	1	1	0
10100	-645.4549	-575.952	-69.5029	1	1	1	0	1	0	0
10200	-642.8313	-578.7668	-64.06445	1	1	1	0	0	0	0
10300	-639.4137	-575.3697	-64.04405	1	1	1	0	0	1	0
10400	-636.0569	-576.8626	-59.19435	1	1	1	1	1	0	0
10500	-639.248	-580.3314	-58.91661	1	1	1	1	1	1	0
10600	-635.8619	-577.8406	-58.02127	1	1	0	0	1	0	1
10700	-641.3413	-581.2642	-60.07712	1	1	1	0	0	1	1
10800	-646.9286	-581.5995	-65.32916	1	1	1	1	0	0	1
10900	-641.7247	-572.803	-68.92166	1	1	1	1	1	0	0
11000	-627.3945	-570.1123	-57.28223	1	1	1	1	1	0	1
11100	-640.2975	-577.7486	-62.54888	1	1	1	0	1	0	0
11200	-624.7748	-574.381	-50.39386	1	1	1	1	1	1	1
11300	-632.4375	-574.7586	-57.67884	1	1	1	1	1	0	1
11400	-641.0952	-577.6848	-63.41033	1	1	1	1	1	1	0
11500	-628.8644	-575.0898	-53.77457	1	1	1	1	0	0	1
11600	-637.085	-579.344	-57.74097	0	1	0	1	0	0	0
11700	-635.6138	-578.4239	-57.18988	1	1	1	0	0	1	0
11800	-630.3242	-575.7653	-54.55887	1	1	1	0	0	1	0
11900	-635.1856	-577.5256	-57.66007	1	1	1	1	0	0	1
12000	-636.959	-577.5225	-59.43644	1	1	1	1	1	0	0
12100	-640.2345	-576.1779	-64.05663	1	1	1	0	1	0	1
12200	-636.1789	-578.7966	-57.38232	1	1	1	0	1	1	1
12300	-646.5521	-575.9998	-70.55229	1	1	1	0	0	0	1
12400	-639.5663	-572.2979	-67.26839	1	1	1	0	0	0	1
12500	-648.331	-574.3421	-73.9889	1	1	1	1	1	0	1
12600	-643.0336	-576.6317	-66.40189	0	1	0	1	0	0	1
12700	-633.9659	-573.2727	-60.69317	1	1	1	0	1	1	1
12800	-642.9039	-576.6152	-66.2887	1	1	1	0	1	0	0
12900	-625.1541	-572.1542	-52.99987	1	1	1	1	0	0	0
13000	-632.0224	-574.8242	-57.19818	1	1	1	1	1	0	0
13100	-642.1839	-576.3801	-65.80383	1	1	1	0	0	0	0
13200	-658.4062	-580.8854	-77.52085	1	1	1	0	1	0	1
13300	-641.7152	-577.7825	-63.93267	1	1	1	0	1	1	0
13400	-647.8621	-575.4065	-72.45556	1	1	1	1	0	1	1
13500	-647.4652	-577.5981	-69.8671	1	1	1	0	1	0	1
13600	-634.3969	-572.031	-62.36589	1	1	1	1	1	1	1
13700	-640.8908	-579.648	-61.24282	1	1	1	0	1	0	0
13800	-631.3798	-572.9603	-58.41952	1	1	1	0	0	0	0
13900	-644.1292	-577.7957	-66.3335	1	1	1	1	1	0	1
14000	-649.0803	-586.2094	-62.87092	1	1	1	1	1	0	0
14100	-641.8413	-580.1769	-61.66441	1	1	0	1	1	0	1
14200	-636.6509	-573.4016	-63.24931	1	1	1	0	1	1	1
14300	-644.758	-573.3093	-71.4487	1	1	1	1	1	1	0
14400	-640.1221	-579.4648	-60.65727	1	1	0	0	1	0	0
14500	-652.3737	-581.0862	-71.28753	1	1	0	0	1	0	0
14600	-638.135	-576.8489	-61.28606	1	1	1	0	1	1	0
14700	-645.7986	-573.0403	-72.75826	1	1	1	1	1	1	0
14800	-641.099	-572.6824	-68.41655	1	1	1	1	1	0	0
14900	-652.8822	-574.9617	-77.92045	1	1	1	1	1	0	0
15000	-628.1999	-574.7794	-53.42052	1	1	1	1	0	1	0
15100	-628.9828	-576.7024	-52.28038	1	1	1	0	0	0	0
15200	-639.3614	-577.7788	-61.58253	1	1	1	0	0	0	0
15300	-641.398	-578.1308	-63.26718	1	1	1	1	0	0	1
15400	-627.8641	-570.4079	-57.45617	1	1	1	1	0	0	0
15500	-642.1837	-574.8295	-67.35423	1	1	1	1	0	1	1
15600	-633.0035	-575.3487	-57.65478	1	1	1	0	1	1	0
15700	-632.6757	-574.8471	-57.82853	1	1	1	0	0	1	0
15800	-631.2754	-576.0148	-55.26058	1	1	1	1	0	1	0
15900	-632.0792	-575.7173	-56.36189	1	1	1	0	0	1	0
16000	-650.2525	-577.7355	-72.51701	1	1	1	0	0	0	1
16100	-630.8328	-571.5548	-59.278	1	1	1	0	1	0	1
16200	-638.5238	-574.9705	-63.55334	1	1	1	0	1	1	1
16300	-624.2308	-569.2823	-54.94851	1	1	1	1	0	0	1
16400	-633.1961	-577.2103	-55.98579	1	1	1	1	1	0	0
16500	-640.3145	-579.542	-60.77255	1	1	0	0	1	1	0
16600	-637.0917	-573.758	-63.33373	1	1	1	1	1	0	1
16700	-635.29	-573.297	-61.99307	1	1	1	1	1	0	0
16800	-633.583	-575.7154	-57.86763	1	1	1	1	1	1	1
16900	-644.3114	-578.5288	-65.78261	1	1	1	0	1	0	0
17000	-645.8558	-576.324	-69.5318	1	1	1	1	1	1	1
17100	-631.2723	-574.3772	-56.89509	1	1	1	1	0	0	0
17200	-624.0986	-568.4836	-55.61501	1	1	1	1	1	0	0
17300	-639.5667	-573.7917	-65.77508	1	1	1	1	0	0	1
17400	-634.1031	-573.1581	-60.94505	1	1	1	0	0	0	1
17500	-632.5362	-578.2185	-54.31776	1	1	1	1	0	0	0
17600	-628.8699	-573.432	-55.43784	1	1	1	1	1	1	0
17700	-635.9012	-579.9941	-55.90713	1	1	1	1	0	1	0
17800	-634.3126	-575.107	-59.20559	1	1	1	0	0	1	0
17900	-633.5043	-575.5793	-57.92495	1	1	1	0	0	0	0
18000	-637.9604	-583.3194	-54.64106	1	1	0	1	1	1	1
18100	-631.3999	-573.6763	-57.72351	1	1	1	0	1	1	0
18200	-643.8286	-578.3513	-65.47733	1	1	1	0	0	1	0
18300	-631.5868	-578.8031	-52.7837	1	1	1	1	0	1	0
18400	-634.2901	-576.2696	-58.02056	1	1	0	0	1	0	0
18500	-642.034	-575.1409	-66.89311	1	1	1	0	1	0	0
18600	-636.6842	-578.2528	-58.43135	1	1	1	1	1	0	1
18700	-637.5293	-577.8222	-59.70713	1	1	1	1	1	1	1
18800	-640.3752	-578.062	-62.31324	1	1	1	1	0	0	1
18900	-626.0949	-573.955	-52.13992	1	1	1	0	1	0	0
19000	-630.2871	-577.6115	-52.67552	1	1	0	1	1	1	1
19100	-626.2758	-571.6583	-54.61755	1	1	1	1	1	0	0
19200	-638.5916	-578.9588	-59.63281	1	1	1	0	0	0	0
19300	-638.1827	-571.432	-66.75078	1	1	1	1	0	0	0
19400	-643.9004	-582.696	-61.20436	0	1	0	1	0	0	0
19500	-635.8919	-575.8198	-60.07212	1	1	1	0	1	1	1
19600	-628.7527	-573.0257	-55.72709	1	1	1	1	0	0	0
19700	-637.3108	-575.9085	-61.40223	1	1	1	0	1	0	0
19800	-625.517	-574.5113	-51.00571	1	1	1	1	0	1	1
19900	-637.666	-579.1595	-58.50645	1	1	1	1	0	1	0
20000	-637.8423	-568.9225	-68.91988	1	1	1	0	0	0	1
20100	-638.1051	-573.1029	-65.00223	1	1	1	0	0	1	1
20200	-631.3594	-574.0154	-57.34404	1	1	1	0	1	1	0
20300	-628.4998	-572.4794	-56.02037	1	1	1	0	0	0	0
20400	-628.3984	-573.6439	-54.75456	1	1	1	0	0	0	1
20500	-641.3359	-581.8722	-59.46365	1	1	1	0	1	0	1
20600	-645.4067	-575.6847	-69.72206	1	1	1	1	1	0	0
20700	-633.9744	-574.5714	-59.403	1	1	1	1	0	0	1
20800	-640.4877	-572.6788	-67.80891	1	1	1	1	1	1	1
20900	-630.0206	-574.8768	-55.14384	1	1	1	1	1	0	0
21000	-635.2848	-575.6803	-59.60451	1	1	1	1	1	1	0
21100	-648.7881	-582.0454	-66.74261	1	1	1	1	0	0	1
21200	-641.3157	-575.9024	-65.41324	1	1	1	1	0	0	1
21300	-634.7216	-571.7302	-62.99143	1	1	1	1	1	0	0
21400	-641.3276	-580.1871	-61.14051	1	1	1	0	1	0	0
21500	-641.7313	-576.2204	-65.51091	1	1	1	0	0	0	1
21600	-629.7417	-574.4328	-55.30882	1	1	1	0	0	0	1
21700	-632.1989	-577.4141	-54.78483	1	1	1	1	1	1	0
21800	-647.5946	-588.7555	-58.83909	1	1	1	0	0	1	0
21900	-637.1021	-572.2066	-64.89554	1	1	1	1	0	0	0
22000	-629.5111	-571.3312	-58.17987	1	1	1	1	1	0	1
22100	-635.2967	-577.0069	-58.28982	1	1	1	0	1	0	0
22200	-643.8183	-578.1265	-65.69173	1	1	1	1	0	0	0
22300	-649.0788	-584.0074	-65.07138	1	1	1	0	0	1	0
22400	-639.8066	-576.4444	-63.3622	1	1	1	0	0	1	1
22500	-640.6695	-575.0865	-65.58297	1	1	1	1	1	0	1
22600	-647.419	-579.4745	-67.9445	1	1	1	1	0	1	0
22700	-641.1229	-587.3635	-53.75949	1	1	0	0	1	1	0
22800	-624.7125	-572.7412	-51.97132	1	1	1	1	0	0	0
22900	-639.2537	-579.8586	-59.39518	1	1	1	1	1	0	0
23000	-647.8554	-577.1135	-70.74186	1	1	1	1	0	1	1
23100	-634.2042	-576.2384	-57.9658	1	1	1	0	1	0	0
23200	-634.1591	-573.6201	-60.53895	1	1	1	0	0	0	0
23300	-641.5271	-569.785	-71.74218	1	1	1	0	1	0	0
23400	-635.6663	-576.1227	-59.54368	1	1	1	1	1	1	1
23500	-644.6219	-577.2528	-67.36906	1	1	0	0	1	1	0
23600	-638.4351	-577.143	-61.29205	1	1	1	0	0	1	0
23700	-646.5023	-582.2988	-64.20343	1	1	1	0	1	0	1
23800	-650.0831	-582.037	-68.04612	1	1	1	0	0	0	0
23900	-647.5619	-573.1351	-74.42684	1	1	1	1	1	0	0
24000	-633.7376	-576.1674	-57.57018	1	1	1	0	1	0	0
24100	-647.6862	-580.6174	-67.0688	1	1	1	1	0	0	0
24200	-646.2621	-582.2268	-64.03531	1	1	1	1	0	0	0
24300	-635.5552	-573.7772	-61.77794	1	1	1	1	1	1	0
24400	-634.993	-576.9669	-58.02605	1	1	1	0	0	1	1
24500	-650.0143	-583.1682	-66.84616	1	1	0	0	1	1	0
24600	-628.9218	-574.0911	-54.83068	1	1	1	0	1	0	0
24700	-639.0836	-574.4669	-64.6167	1	1	1	0	0	0	0
24800	-651.1285	-581.7206	-69.40787	1	1	0	0	1	0	1
24900	-628.5875	-572.1554	-56.43214	1	1	1	1	1	0	1
25000	-630.3252	-571.1701	-59.15507	1	1	1	1	0	0	1
25100	-643.041	-578.7222	-64.31884	1	1	1	1	1	1	0
25200	-631.6287	-576.9612	-54.66743	1	1	0	0	1	0	0
25300	-638.6222	-576.4217	-62.20044	1	1	0	1	1	0	1
25400	-648.6681	-579.4596	-69.20848	1	1	1	0	1	1	0
25500	-650.9474	-581.905	-69.04246	1	1	1	0	1	0	1
25600	-637.8526	-574.7597	-63.09288	1	1	0	1	1	1	1
25700	-643.9493	-580.4543	-63.49501	1	1	1	1	1	1	0
25800	-631.8626	-572.8136	-59.04905	1	1	1	1	0	1	1
25900	-652.2936	-582.0819	-70.21169	1	1	1	0	0	0	1
26000	-626.8551	-569.4889	-57.36614	1	1	1	0	1	1	0
26100	-637.7222	-578.239	-59.48321	1	1	1	1	1	1	1
26200	-628.063	-577.7277	-50.33523	1	1	0	1	1	0	1
26300	-630.0177	-571.5873	-58.43039	1	1	1	0	0	0	1
26400	-641.2093	-584.9061	-56.30319	1	1	1	0	0	1	0
26500	-634.2243	-571.5117	-62.71258	1	1	0	1	1	1	1
26600	-639.6832	-577.5366	-62.14659	0	1	0	1	0	0	1
26700	-647.4748	-575.3799	-72.09492	1	1	1	1	0	1	0
26800	-629.9146	-571.6686	-58.24599	1	1	1	0	1	0	1
26900	-642.2954	-577.1227	-65.17279	1	1	1	0	0	1	0
27000	-631.0144	-573.8659	-57.14849	1	1	1	0	0	0	0
27100	-634.7763	-575.1825	-59.59383	1	1	1	1	1	1	0
27200	-645.701	-579.0302	-66.67081	1	1	1	1	1	0	0
27300	-635.2157	-577.0823	-58.13342	1	1	1	1	0	1	0
27400	-652.6164	-575.5845	-77.03196	1	1	1	0	0	0	1
27500	-648.3971	-577.2086	-71.18844	1	1	1	1	1	1	0
27600	-644.4408	-576.542	-67.89878	1	1	1	1	0	0	1
27700	-627.4422	-575.9285	-51.51366	1	1	1	0	1	1	1
27800	-630.3533	-571.0022	-59.35119	1	1	1	0	1	0	1
27900	-629.8525	-574.4641	-55.38844	1	1	1	1	1	1	1
28000	-642.5853	-575.6585	-66.92677	1	1	1	1	1	0	0
28100	-632.5232	-574.4113	-58.11195	1	1	1	0	1	1	0
28200	-638.692	-572.671	-66.021	1	1	1	1	1	0	1
28300	-642.1911	-576.5521	-65.63894	1	1	1	0	1	1	0
28400	-630.6695	-573.0553	-57.61416	1	1	1	1	1	0	1
28500	-636.5157	-579.9618	-56.55392	1	1	1	0	1	0	0
28600	-640.742	-576.5988	-64.14317	1	1	0	1	1	0	0
28700	-648.3345	-580.5395	-67.795	1	1	0	1	1	0	0
28800	-635.4085	-575.4866	-59.92189	1	1	1	1	1	0	1
28900	-637.1799	-576.2135	-60.96636	1	1	1	0	0	1	0
29000	-631.8839	-574.3855	-57.49844	1	1	1	1	0	0	1
29100	-638.0866	-574.3862	-63.70041	1	1	1	1	1	0	0
29200	-646.3704	-582.61	-63.76043	1	1	1	1	1	1	0
29300	-638.6284	-573.2489	-65.37955	1	1	1	0	1	0	0
29400	-641.9987	-572.4505	-69.54822	1	1	1	1	1	0	0
29500	-640.3245	-572.4372	-67.88728	1	1	1	1	0	1	1
29600	-638.2901	-585.0268	-53.26329	1	1	1	0	0	1	0
29700	-628.3709	-572.217	-56.15381	1	1	1	0	1	0	1
29800	-631.2426	-572.069	-59.17358	1	1	0	1	1	0	0
29900	-649.7342	-580.9718	-68.76247	1	1	1	1	0	1	1
30000	-642.5128	-579.3718	-63.14098	1	1	1	0	1	0	1
30100	-621.3645	-573.8724	-47.4921	1	1	1	1	1	0	0
30200	-649.171	-578.8753	-70.2957	1	1	1	0	0	0	1
30300	-629.1836	-572.2962	-56.88743	1	1	1	1	0	0	1
30400	-643.2411	-581.6164	-61.62469	1	1	1	0	1	1	0
30500	-639.8577	-574.2268	-65.63091	1	1	1	1	0	1	1
30600	-642.5597	-580.0379	-62.52173	1	1	1	0	1	0	0
30700	-635.2879	-566.9324	-68.35551	1	1	1	1	0	1	1
30800	-640.0511	-574.6234	-65.42766	1	1	1	0	1	0	1
30900	-641.2602	-578.1524	-63.10781	1	1	1	1	0	1	0
31000	-642.2002	-583.0321	-59.16816	1	1	1	1	1	0	0
31100	-635.2317	-573.0471	-62.18458	1	1	1	1	0	0	1
31200	-642.8391	-575.6084	-67.23067	1	1	1	1	0	1	1
31300	-642.0187	-577.0598	-64.95896	1	1	1	1	0	0	1
31400	-634.0899	-574.0481	-60.04178	1	1	1	1	0	0	0
31500	-635.0054	-572.138	-62.8674	1	1	1	1	1	0	1
31600	-651.2162	-578.9658	-72.25038	1	1	1	0	1	1	1
31700	-630.2894	-575.9059	-54.38349	1	1	1	1	1	1	0
31800	-650.7989	-581.1374	-69.66153	1	1	0	1	1	0	1
31900	-625.4041	-572.5187	-52.88537	1	1	1	1	1	1	1
32000	-630.4585	-572.018	-58.44043	1	1	1	1	0	1	0
32100	-639.9593	-574.0395	-65.91983	1	1	1	1	1	0	0
32200	-659.7365	-580.2115	-79.52499	1	1	1	1	0	0	1
32300	-640.0202	-576.3407	-63.67947	1	1	0	1	1	1	0
32400	-646.785	-583.9967	-62.7883	1	1	1	0	0	0	1
32500	-627.3378	-571.522	-55.81581	1	1	1	1	0	0	1
32600	-641.9432	-579.1238	-62.81939	1	1	1	1	1	0	0
32700	-644.0422	-577.7263	-66.31592	1	1	0	1	1	1	0
32800	-629.2891	-572.0992	-57.18989	1	1	1	1	1	0	0
32900	-632.099	-575.252	-56.847	1	1	1	0	0	0	0
33000	-637.9867	-573.6898	-64.29686	1	1	1	1	1	0	1
33100	-635.0512	-573.6934	-61.35788	1	1	1	0	0	0	1
33200	-642.5968	-576.5587	-66.03805	1	1	0	1	1	0	0
33300	-632.3469	-572.0804	-60.26644	1	1	1	0	1	0	0
33400	-640.3389	-575.4599	-64.87894	1	1	1	1	1	1	1
33500	-645.5118	-581.5538	-63.95798	1	1	1	1	1	1	1
33600	-637.2851	-579.2118	-58.07332	1	1	1	1	0	0	0
33700	-640.5098	-575.9487	-64.56112	1	1	1	1	1	0	1
33800	-640.5381	-572.6457	-67.89235	1	1	1	1	1	0	1
33900	-640.5292	-579.4373	-61.09187	1	1	1	1	0	1	0
34000	-647.2457	-583.7945	-63.45116	1	1	0	0	1	1	1
34100	-637.0954	-573.9836	-63.11179	1	1	1	0	1	0	1
34200	-634.2784	-573.2344	-61.04403	1	1	1	0	1	1	0
34300	-632.5475	-575.7057	-56.84176	1	1	1	0	1	0	0
34400	-629.4582	-575.2543	-54.20392	1	1	1	1	1	0	1
34500	-631.9498	-572.0678	-59.88195	1	1	1	0	0	0	0
34600	-631.5156	-573.1691	-58.3465	1	1	1	1	0	0	0
34700	-631.2913	-571.9176	-59.37374	1	1	1	0	1	0	0
34800	-642.0856	-576.9206	-65.165	1	1	1	0	1	1	0
34900	-634.5681	-575.966	-58.60211	1	1	1	0	1	1	0
35000	-649.8459	-577.56	-72.28591	1	1	1	0	1	0	1
35100	-633.409	-574.8779	-58.53111	1	1	1	0	1	0	0
35200	-628.0286	-569.7106	-58.31799	1	1	1	1	0	0	0
35300	-637.2768	-574.3982	-62.87856	1	1	1	1	1	0	0
35400	-637.5897	-576.2693	-61.32041	1	1	1	1	1	1	0
35500	-641.0966	-578.051	-63.04562	1	1	1	0	0	1	1
35600	-649.1696	-584.7228	-64.44683	1	1	0	1	1	1	0
35700	-653.2673	-576.4411	-76.82616	1	1	0	1	1	1	0
35800	-636.5841	-572.9277	-63.6564	1	1	1	0	1	0	1
35900	-631.0851	-575.8715	-55.21358	1	1	1	1	1	0	0
36000	-640.4429	-573.5384	-66.90451	1	1	1	1	1	0	0
36100	-641.5306	-587.0252	-54.5054	1	1	1	1	0	1	1
36200	-633.9554	-578.0726	-55.88273	1	1	1	0	0	0	0
36300	-646.9047	-576.5769	-70.3278	1	1	1	0	1	1	1
36400	-638.762	-580.3457	-58.41628	1	1	1	0	1	0	0
36500	-640.7096	-573.8621	-66.84748	1	1	0	0	1	0	0
36600	-640.6353	-576.0935	-64.5418	1	1	1	0	1	0	0
36700	-654.0737	-579.9491	-74.12456	1	1	1	0	0	1	0
36800	-640.4192	-577.1791	-63.24009	1	1	1	0	1	1	1
36900	-646.3215	-577.3434	-68.97808	1	1	0	1	1	0	1
37000	-633.8254	-578.3119	-55.51352	1	1	0	0	1	0	0
37100	-631.3037	-573.132	-58.17167	1	1	1	1	1	0	1
37200	-646.7336	-573.9123	-72.82129	1	1	0	1	1	0	0
37300	-639.7942	-577.5431	-62.25111	1	1	1	1	0	1	0
37400	-637.0859	-576.1621	-60.92388	1	1	1	1	1	0	0
37500	-636.6059	-577.151	-59.45489	1	1	1	1	1	1	0
37600	-644.7121	-574.011	-70.70114	1	1	1	1	1	1	0
37700	-633.9709	-576.7382	-57.23277	1	1	1	1	0	0	0
37800	-638.2519	-575.486	-62.76591	0	1	0	0	0	0	1
37900	-636.9224	-571.3736	-65.54883	1	1	0	1	1	0	1
38000	-630.8781	-573.5917	-57.28646	1	1	1	0	1	0	0
38100	-629.2425	-572.5883	-56.65419	1	1	1	1	0	1	1
38200	-642.9125	-583.3289	-59.58362	1	1	1	0	1	0	0
38300	-639.3699	-579.0234	-60.34648	1	1	1	1	1	1	0
38400	-647.1634	-574.2186	-72.94485	1	1	1	0	1	0	0
38500	-645.2069	-584.9341	-60.27276	1	1	1	0	1	0	0
38600	-650.6479	-580.6434	-70.00456	1	1	1	0	0	0	1
38700	-643.0167	-580.1898	-62.82692	1	1	1	0	1	0	0
38800	-627.5488	-573.0962	-54.45254	1	1	1	1	1	0	1
38900	-630.2613	-573.9591	-56.30217	1	1	1	0	1	0	0
39000	-635.4637	-572.3192	-63.14444	1	1	1	0	1	0	1
39100	-650.1452	-577.0392	-73.10594	1	1	1	0	0	0	0
39200	-637.0636	-575.7576	-61.30602	1	1	1	0	1	1	0
39300	-640.0914	-574.9127	-65.1787	0	1	0	1	0	0	1
39400	-641.373	-576.525	-64.84806	0	1	0	1	0	0	1
39500	-645.3548	-580.2512	-65.10361	1	1	0	0	1	0	0
39600	-634.4595	-575.3876	-59.07188	1	1	1	0	1	0	0
39700	-635.5022	-579.5665	-55.9357	1	1	1	0	1	1	1
39800	-646.9579	-581.1888	-65.76913	1	1	1	1	1	0	1
39900	-637.0679	-579.2503	-57.81755	1	1	1	1	1	0	1
40000	-636.0007	-573.9278	-62.07295	1	1	1	1	1	0	1
40100	-642.3598	-576.3522	-66.00765	1	1	1	0	0	1	1
40200	-635.3362	-578.5819	-56.75436	1	1	1	1	1	1	0
40300	-631.7707	-573.9167	-57.85397	1	1	1	0	1	0	0
40400	-636.4031	-577.8832	-58.51985	1	1	1	0	0	0	0
40500	-640.3138	-581.5151	-58.79875	1	1	1	0	0	1	0
40600	-651.334	-579.0159	-72.31807	1	1	1	0	1	1	1
40700	-641.6059	-577.183	-64.42295	1	1	0	1	1	1	1
40800	-633.8432	-577.4082	-56.43498	1	1	1	1	0	0	0
40900	-632.1103	-576.5079	-55.6024	1	1	1	0	1	0	0
41000	-640.1808	-579.9031	-60.27773	1	1	1	1	0	0	1
41100	-632.1316	-575.3113	-56.82038	1	1	1	0	1	1	1
41200	-641.7067	-572.9182	-68.78854	1	1	1	0	1	0	1
41300	-635.08	-571.7472	-63.33273	1	1	1	1	0	0	1
41400	-636.2625	-575.935	-60.32749	0	1	0	1	0	1	1
41500	-644.9606	-579.7754	-65.18521	1	1	1	0	1	1	0
41600	-645.0981	-581.5201	-63.57804	1	1	1	1	1	0	1
41700	-640.3879	-577.5794	-62.8085	1	1	0	0	1	1	0
41800	-631.1968	-574.4936	-56.70328	1	1	1	1	0	1	1
41900	-643.2841	-577.3977	-65.8864	1	1	1	0	0	0	1
42000	-638.3769	-575.9602	-62.41672	1	1	1	1	1	0	1
42100	-658.1522	-583.3429	-74.80928	1	1	1	1	1	1	1
42200	-637.7559	-578.2256	-59.53027	1	1	1	1	0	0	0
42300	-649.0627	-579.26	-69.80276	1	1	0	0	1	1	1
42400	-630.1268	-573.1522	-56.9746	1	1	1	1	0	0	0
42500	-642.4948	-581.5673	-60.92757	1	1	1	0	1	1	0
42600	-646.8205	-582.8611	-63.95941	1	1	1	1	1	1	0
42700	-632.6419	-574.0368	-58.60507	1	1	1	1	1	1	0
42800	-638.4522	-578.3134	-60.1388	1	1	1	1	1	0	1
42900	-644.9437	-576.9093	-68.03442	1	1	1	0	0	0	1
43000	-660.3024	-582.8544	-77.44803	1	1	1	1	0	0	0
43100	-631.8474	-573.4387	-58.40872	1	1	1	1	0	1	0
43200	-638.0879	-575.5163	-62.57158	1	1	1	0	0	1	0
43300	-647.3266	-579.616	-67.71061	1	1	1	1	1	1	0
43400	-632.1434	-571.6813	-60.46205	1	1	1	1	1	0	0
43500	-643.802	-580.6697	-63.13229	1	1	0	0	1	1	1
43600	-638.1281	-576.7737	-61.35434	1	1	1	0	0	0	0
43700	-643.1413	-575.4138	-67.72743	1	1	1	0	0	0	1
43800	-638.0967	-574.5439	-63.55278	1	1	1	1	1	1	0
43900	-631.6199	-572.9407	-58.67925	1	1	1	0	1	0	0
44000	-644.9829	-578.7505	-66.23237	1	1	0	0	1	0	0
44100	-640.2678	-581.5783	-58.68947	1	1	1	0	0	0	0
44200	-639.2746	-577.6159	-61.65872	1	1	0	0	1	0	0
44300	-642.533	-572.2427	-70.2903	1	1	1	1	1	0	1
44400	-637.5753	-571.6846	-65.89077	1	1	0	1	1	0	1
44500	-650.9409	-583.3236	-67.61729	1	1	0	1	1	0	0
44600	-637.3703	-579.9957	-57.37463	1	1	1	1	1	0	0
44700	-635.4038	-578.2835	-57.12027	1	1	0	0	1	1	1
44800	-636.9517	-571.7702	-65.18149	1	1	1	1	1	0	0
44900	-632.6412	-573.2548	-59.38638	1	1	1	1	0	1	1
45000	-638.3036	-573.9299	-64.37369	1	1	1	0	1	1	0
45100	-643.8714	-577.5571	-66.31432	1	1	1	1	1	1	0
45200	-644.2972	-582.0678	-62.22938	1	1	0	0	1	0	0
45300	-631.8496	-575.3191	-56.53045	1	1	1	1	0	0	0
45400	-640.9727	-578.5616	-62.4111	1	1	1	0	0	0	0
45500	-641.1538	-574.6832	-66.47055	1	1	1	0	1	1	0
45600	-632.8456	-575.7068	-57.1388	1	1	1	1	1	0	0
45700	-631.8105	-572.0716	-59.7389	1	1	1	1	0	0	0
45800	-641.9206	-579.3984	-62.5222	1	1	0	1	1	0	0
45900	-642.641	-576.1155	-66.52551	1	1	1	0	1	0	1
46000	-642.4237	-579.0741	-63.34959	1	1	1	0	1	0	0
46100	-637.6374	-582.7817	-54.85576	1	1	0	0	1	1	1
46200	-645.8424	-584.591	-61.25142	1	1	1	0	0	1	1
46300	-628.9073	-572.5029	-56.40442	1	1	1	1	0	0	0
46400	-643.103	-580.4875	-62.6155	1	1	0	1	1	0	0
46500	-636.6779	-575.2564	-61.42148	1	1	1	1	0	1	0
46600	-647.0757	-577.3291	-69.7466	1	1	1	1	0	0	1
46700	-629.1253	-573.6006	-55.52471	1	1	1	1	1	0	1
46800	-629.0312	-572.6773	-56.35391	1	1	1	1	1	0	1
46900	-634.1429	-575.7864	-58.35653	1	1	1	1	1	0	1
47000	-642.7812	-573.8937	-68.88749	1	1	1	1	0	1	1
47100	-621.0809	-571.4876	-49.59334	1	1	1	1	1	0	0
47200	-631.0016	-573.0093	-57.99227	1	1	1	1	1	1	0
47300	-648.6508	-582.4238	-66.22693	1	1	1	0	1	0	0
47400	-646.3658	-577.0671	-69.29873	1	1	1	1	1	1	0
47500	-643.6726	-573.2022	-70.47037	1	1	1	1	0	0	1
47600	-645.5652	-578.436	-67.12917	0	1	0	0	0	1	0
47700	-636.179	-575.9141	-60.26484	1	1	1	1	1	0	0
47800	-638.5928	-572.3529	-66.23988	1	1	1	1	1	0	1
47900	-641.8313	-575.1716	-66.65971	1	1	1	1	0	0	1
48000	-640.6178	-577.3917	-63.22617	1	1	1	1	1	1	1
48100	-640.174	-583.3445	-56.82946	1	1	1	0	0	0	0
48200	-641.3185	-574.3095	-67.00897	1	1	1	0	1	1	1
48300	-650.0853	-591.2865	-58.79878	1	1	1	0	1	1	1
48400	-641.8584	-573.4332	-68.42528	1	1	1	1	1	1	0
48500	-645.57	-580.2115	-65.35858	0	1	0	1	0	1	1
48600	-641.5612	-577.6867	-63.87452	1	1	1	0	1	0	0
48700	-640.516	-580.4497	-60.06631	1	1	0	1	1	0	0
48800	-637.3285	-572.7292	-64.59934	1	1	1	0	0	0	1
48900	-630.4795	-573.2957	-57.18383	1	1	1	1	1	0	0
49000	-645.2841	-585.0425	-60.24168	1	1	1	0	1	1	0
49100	-639.6084	-576.4004	-63.20797	1	1	1	1	0	1	0
49200	-624.8716	-572.1075	-52.76409	1	1	1	0	1	1	1
49300	-623.7998	-570.1374	-53.66237	1	1	1	1	1	0	0
49400	-646.721	-585.1413	-61.57964	1	1	0	0	1	0	1
49500	-640.0445	-577.4903	-62.55412	1	1	0	1	1	1	0
49600	-641.3424	-579.7926	-61.54976	1	1	1	0	1	1	1
49700	-643.4118	-575.4363	-67.97545	1	1	1	0	1	1	1
49800	-632.7548	-573.9654	-58.7894	1	1	1	0	0	1	1
49900	-649.2626	-580.4764	-68.78619	1	1	1	1	1	0	1
50000	-643.7621	-577.2956	-66.4665	1	1	0	1	1	1	0
50100	-652.8978	-576.3607	-76.53712	1	1	1	1	1	0	0
50200	-641.8633	-581.3892	-60.4741	1	1	1	0	1	0	0
50300	-644.9713	-579.6931	-65.27815	1	1	1	0	0	1	0
50400	-632.4967	-574.9869	-57.50979	1	1	1	0	1	0	0
50500	-641.1403	-573.4104	-67.72994	1	1	1	0	1	0	1
50600	-626.6283	-574.9922	-51.63602	1	1	1	1	1	0	0
50700	-623.3587	-574.0936	-49.26508	1	1	0	1	1	0	1
50800	-643.2885	-574.0832	-69.20524	1	1	1	0	1	0	0
50900	-638.1736	-577.6193	-60.55427	1	1	1	0	0	1	0
51000	-640.493	-580.3767	-60.11626	1	1	1	1	1	0	0
51100	-653.9736	-578.1121	-75.86154	1	1	1	0	0	0	1
51200	-653.3064	-577.744	-75.56242	1	1	1	1	1	0	0
51300	-643.5738	-572.6517	-70.9221	1	1	1	1	0	1	1
51400	-633.3735	-573.9409	-59.43257	1	1	1	1	0	0	1
51500	-629.5211	-577.8408	-51.68034	1	1	1	0	1	1	1
51600	-631.3478	-574.624	-56.7238	1	1	1	1	0	0	0
51700	-640.2633	-573.914	-66.34928	1	1	1	1	1	0	1
51800	-635.6052	-576.5836	-59.02163	1	1	1	0	1	0	0
51900	-634.7362	-571.3143	-63.42191	1	1	1	1	0	0	0
52000	-629.1203	-572.3558	-56.76458	1	1	1	1	0	0	0
52100	-646.9613	-577.9522	-69.00906	1	1	1	1	1	1	0
52200	-628.6736	-572.8177	-55.85595	1	1	1	0	1	1	1
52300	-630.305	-572.5869	-57.71803	1	1	1	1	1	0	1
52400	-633.9737	-579.9639	-54.00977	1	1	1	0	1	0	1
52500	-640.8525	-574.8511	-66.00136	1	1	1	0	0	0	0
52600	-646.5192	-584.0715	-62.44769	1	1	1	0	1	1	0
52700	-637.7035	-575.8285	-61.87501	1	1	1	0	1	0	0
52800	-638.0308	-581.3823	-56.64854	1	1	1	0	1	0	0
52900	-635.903	-570.8851	-65.01789	1	1	1	1	1	1	1
53000	-640.724	-577.73	-62.99401	1	1	1	1	1	1	0
53100	-635.6172	-575.6687	-59.94847	1	1	1	1	0	0	1
53200	-646.1125	-582.2962	-63.8163	1	1	1	0	0	0	0
53300	-653.5255	-583.9605	-69.56502	1	1	1	0	1	0	0
53400	-627.8165	-575.0073	-52.80917	1	1	1	0	1	0	0
53500	-628.348	-570.394	-57.95396	1	1	1	0	1	0	1
53600	-629.019	-571.7212	-57.29778	1	1	1	0	0	0	0
53700	-630.6662	-573.6851	-56.981	1	1	1	1	1	1	0
53800	-626.6581	-571.762	-54.89602	1	1	1	0	0	0	0
53900	-636.4103	-574.0065	-62.40383	1	1	1	0	0	0	0
54000	-638.9378	-576.4934	-62.44443	1	1	1	0	1	1	1
54100	-635.4456	-574.0318	-61.41383	1	1	1	0	0	0	1
54200	-642.1397	-577.6666	-64.47309	1	1	1	1	0	0	0
54300	-634.0918	-575.7379	-58.35385	1	1	1	1	0	0	1
54400	-648.58	-584.4966	-64.08334	1	1	1	0	1	0	0
54500	-625.4582	-574.4108	-51.04741	1	1	1	0	0	0	0
54600	-643.5931	-573.3661	-70.22693	1	1	1	1	1	1	1
54700	-639.2134	-575.1616	-64.05182	1	1	1	0	0	0	0
54800	-632.9249	-572.4836	-60.44128	1	1	1	1	0	0	1
54900	-630.8962	-573.9965	-56.89975	1	1	1	1	0	1	1
55000	-645.612	-580.2934	-65.31861	1	1	1	0	1	1	0
55100	-644.7034	-580.9935	-63.70992	1	1	0	1	1	1	0
55200	-652.8555	-586.1281	-66.7274	1	1	1	0	1	1	0
55300	-640.4717	-574.4869	-65.98487	1	1	1	0	0	1	1
55400	-639.1866	-577.8197	-61.36691	1	1	1	0	0	0	0
55500	-630.2702	-575.5276	-54.74267	1	1	1	0	0	0	1
55600	-631.0641	-573.3821	-57.68194	1	1	1	0	0	0	0
55700	-643.8074	-582.4344	-61.37293	1	1	1	0	1	0	0
55800	-641.5665	-580.2118	-61.35471	0	1	0	0	0	0	0
55900	-639.4603	-575.1009	-64.35946	1	1	1	1	1	0	1
56000	-639.5298	-572.8491	-66.68076	1	1	1	0	1	0	0
56100	-638.9264	-575.9052	-63.02126	1	1	1	1	1	0	1
56200	-669.5983	-593.2911	-76.3072	1	1	0	1	1	0	1
56300	-630.8886	-568.036	-62.85263	1	1	1	0	1	1	0
56400	-634.5396	-577.4276	-57.11205	1	1	1	0	1	0	0
56500	-652.1317	-576.2121	-75.91959	1	1	1	0	0	1	0
56600	-643.1443	-578.5289	-64.61535	1	1	1	0	1	0	0
56700	-633.1024	-573.3673	-59.73503	1	1	1	0	0	0	1
56800	-651.9502	-580.6558	-71.29436	1	1	1	1	1	0	0
56900	-637.0398	-575.3964	-61.64345	1	1	1	1	1	0	1
57000	-645.9449	-580.9793	-64.96558	1	1	0	0	1	1	1
57100	-648.3846	-580.4637	-67.92095	1	1	1	1	0	0	1
57200	-642.0335	-575.3768	-66.65672	1	1	1	1	1	0	1
57300	-628.9744	-574.7379	-54.23651	1	1	1	0	0	0	1
57400	-643.1997	-584.3445	-58.85516	1	1	1	1	0	0	0
57500	-637.4472	-577.9837	-59.46351	1	1	1	0	0	1	0
57600	-655.4979	-586.8707	-68.62723	1	1	1	0	1	1	0
57700	-630.2492	-576.3454	-53.90379	1	1	1	1	1	1	0
57800	-632.2121	-573.8525	-58.35961	1	1	1	1	1	1	0
57900	-626.0047	-575.8052	-50.19946	1	1	1	1	0	0	1
58000	-635.3917	-572.5335	-62.85816	1	1	1	0	0	0	0
58100	-639.793	-571.9715	-67.82152	1	1	1	0	0	0	1
58200	-635.3914	-577.2813	-58.11008	1	1	1	1	1	0	1
58300	-641.2897	-575.4871	-65.80256	1	1	1	1	1	1	1
58400	-634.1611	-568.9309	-65.23021	1	1	1	0	1	0	0
58500	-638.5311	-576.3752	-62.15588	1	1	1	0	1	0	1
58600	-649.1441	-583.3688	-65.77527	1	1	1	1	1	1	1
58700	-647.7273	-578.0765	-69.65089	1	1	1	0	0	0	1
58800	-629.3441	-569.0508	-60.29325	1	1	1	0	0	0	0
58900	-634.7228	-578.2331	-56.48978	1	1	0	1	1	0	0
59000	-627.5766	-574.5339	-53.04265	1	1	1	0	1	1	0
59100	-641.3783	-576.14	-65.23824	1	1	1	0	0	0	1
59200	-638.1462	-574.7652	-63.38098	1	1	1	1	1	0	0
59300	-636.0982	-569.7885	-66.30964	1	1	1	1	0	0	1
59400	-643.0222	-578.3717	-64.65044	1	1	1	0	0	1	0
59500	-642.0253	-580.1511	-61.87418	1	1	0	1	1	1	1
59600	-626.1264	-571.8532	-54.27318	1	1	1	0	0	0	0
59700	-625.4826	-575.4264	-50.05617	1	1	1	0	1	0	0
59800	-643.3223	-580.4829	-62.83936	1	1	1	0	0	1	0
59900	-645.2099	-579.5705	-65.63945	1	1	1	1	0	0	0
60000	-636.507	-575.3567	-61.15028	1	1	1	1	1	1	1
60100	-660.2688	-580.1023	-80.16653	1	1	0	1	1	0	0
60200	-630.48	-576.2118	-54.26813	1	1	1	1	0	0	0
60300	-633.5282	-570.5345	-62.9937	1	1	1	1	0	0	0
60400	-655.6043	-586.0355	-69.56882	1	1	1	1	0	1	0
60500	-640.9209	-584.9949	-55.92597	1	1	1	1	1	0	0
60600	-625.4927	-575.8193	-49.67347	1	1	1	0	0	0	0
60700	-634.4085	-574.7227	-59.68581	1	1	1	1	1	0	0
60800	-633.3824	-571.5189	-61.86356	1	1	1	0	1	0	0
60900	-629.8635	-571.9652	-57.89827	1	1	1	1	0	1	0
61000	-631.7083	-578.7643	-52.94406	1	1	1	1	1	1	0
61100	-634.9153	-573.871	-61.04421	1	1	1	0	1	0	1
61200	-625.3574	-573.029	-52.32841	1	1	1	1	1	1	0
61300	-639.0334	-573.6279	-65.40551	1	1	0	1	1	0	1
61400	-636.3114	-577.8249	-58.48646	1	1	1	0	0	1	0
61500	-640.6122	-575.1461	-65.4662	1	1	1	0	1	1	1
61600	-637.1987	-576.8384	-60.36031	1	1	1	1	1	1	0
61700	-649.7951	-576.5556	-73.23954	1	1	1	1	1	0	0
61800	-628.7188	-573.7607	-54.95814	1	1	1	1	1	0	0
61900	-631.5506	-571.1504	-60.40014	1	1	1	1	1	1	1
62000	-650.1708	-579.0041	-71.16669	1	1	1	1	0	0	0
62100	-643.8255	-577.8764	-65.9491	1	1	1	1	1	0	0
62200	-630.6751	-572.4831	-58.192	1	1	1	1	1	1	1
62300	-629.5422	-571.8578	-57.68446	1	1	1	1	1	1	0
62400	-637.2521	-577.2201	-60.03204	1	1	1	1	1	0	0
62500	-634.6955	-573.4327	-61.26275	1	1	1	0	0	1	1
62600	-643.7941	-577.9792	-65.81483	1	1	1	0	1	0	1
62700	-646.8606	-581.2801	-65.5805	1	1	0	1	1	1	0
62800	-629.7496	-570.5651	-59.18451	1	1	1	0	0	0	1
62900	-643.1508	-574.1564	-68.99444	1	1	1	0	1	0	1
63000	-639.275	-574.5802	-64.69474	0	1	0	1	0	1	1
63100	-630.5589	-575.6234	-54.93552	1	1	1	1	1	0	0
63200	-642.9886	-575.5217	-67.46684	1	1	1	1	1	0	0
63300	-633.0848	-577.3555	-55.72923	1	1	1	0	1	1	0
63400	-648.2181	-573.9076	-74.31049	1	1	0	0	1	1	1
63500	-633.1981	-573.6783	-59.51975	1	1	1	1	1	0	0
63600	-646.802	-577.4406	-69.36146	1	1	1	0	1	1	1
63700	-644.6531	-577.5112	-67.14193	1	1	1	1	1	0	1
63800	-640.1563	-577.3201	-62.83619	1	1	1	0	1	1	1
63900	-629.5058	-575.8309	-53.67489	1	1	1	0	1	0	0
64000	-640.7873	-582.8434	-57.94393	1	1	1	0	1	0	1
64100	-625.719	-571.2169	-54.50207	1	1	1	1	1	1	1
64200	-636.6964	-580.5439	-56.15253	1	1	1	1	0	0	1
64300	-634.1607	-575.0182	-59.14251	1	1	1	0	0	0	0
64400	-639.1445	-579.6267	-59.51784	1	1	0	1	1	0	0
64500	-633.461	-575.4974	-57.96364	1	1	1	1	1	0	0
64600	-630.7364	-574.1369	-56.59948	1	1	1	1	1	0	0
64700	-630.641	-575.4523	-55.18871	1	1	1	0	0	1	0
64800	-642.3262	-577.5582	-64.768	1	1	1	0	0	0	1
64900	-654.6846	-582.0885	-72.5961	1	1	0	1	1	1	1
65000	-630.8161	-575.971	-54.84507	1	1	1	0	1	0	0
65100	-639.9879	-581.2102	-58.77779	1	1	1	0	0	1	0
65200	-629.2644	-573.6521	-55.61237	1	1	1	1	1	0	0
65300	-646.2145	-576.0946	-70.11988	1	1	1	1	1	0	1
65400	-627.5007	-572.1999	-55.30081	1	1	1	0	1	1	0
65500	-645.4239	-579.6676	-65.75626	1	1	1	1	1	1	0
65600	-647.0637	-579.0243	-68.03941	1	1	1	0	1	0	0
65700	-630.8714	-571.7788	-59.09262	1	1	1	1	0	0	0
65800	-637.0769	-572.3546	-64.72234	1	1	1	0	0	1	1
65900	-641.646	-577.9871	-63.65889	1	1	1	0	1	0	1
66000	-633.8224	-573.5747	-60.24768	1	1	1	1	1	0	0
66100	-645.544	-577.5994	-67.94461	1	1	0	1	1	1	0
66200	-636.8539	-570.2397	-66.61417	1	1	1	1	1	0	0
66300	-648.1538	-578.9529	-69.20088	1	1	1	0	1	0	0
66400	-639.2099	-577.2419	-61.968	1	1	1	1	1	1	0
66500	-623.284	-569.1267	-54.15727	1	1	1	0	1	0	1
66600	-649.8631	-574.9502	-74.91289	1	1	1	1	0	0	1
66700	-646.4843	-578.0145	-68.46982	1	1	0	0	1	1	0
66800	-651.2595	-577.1618	-74.09778	1	1	1	0	1	0	0
66900	-626.236	-572.1941	-54.04194	1	1	1	1	1	1	0
67000	-630.9009	-573.6936	-57.20733	1	1	1	0	1	1	0
67100	-637.3602	-574.6823	-62.67795	1	1	1	0	0	1	1
67200	-627.672	-570.9078	-56.7642	1	1	1	0	0	0	1
67300	-647.109	-575.5252	-71.58375	1	1	0	0	1	0	1
67400	-635.367	-574.204	-61.16294	1	1	1	1	1	1	1
67500	-648.5224	-581.4844	-67.03794	1	1	1	1	1	1	0
67600	-635.2053	-580.1816	-55.02369	1	1	1	1	1	0	0
67700	-629.0992	-574.6017	-54.49756	1	1	1	1	0	1	0
67800	-640.2111	-578.9726	-61.23846	1	1	1	0	0	0	0
67900	-619.6637	-570.9984	-48.66535	1	1	1	1	1	0	1
68000	-641.1676	-579.143	-62.02455	1	1	1	1	1	0	0
68100	-640.1202	-574.3095	-65.81065	1	1	1	1	0	1	1
68200	-638.6967	-579.6175	-59.07914	1	1	1	0	0	1	0
68300	-626.5488	-573.3329	-53.21586	1	1	1	0	1	0	0
68400	-638.3117	-576.3464	-61.9653	1	1	1	1	1	0	0
68500	-629.7295	-574.8798	-54.84971	1	1	1	1	1	1	0
68600	-640.4155	-579.138	-61.27753	1	1	1	0	1	0	0
68700	-634.3041	-576.4589	-57.84525	0	1	0	1	0	0	0
68800	-645.928	-574.8863	-71.04166	1	1	1	1	0	0	1
68900	-628.2799	-570.7792	-57.50072	1	1	1	1	1	0	0
69000	-635.53	-573.1022	-62.42787	1	1	0	1	1	0	0
69100	-632.1274	-571.8006	-60.3268	1	1	1	0	1	1	1
69200	-639.191	-578.3874	-60.8036	1	1	1	0	1	0	0
69300	-637.7418	-574.7548	-62.98694	1	1	1	1	0	0	1
69400	-633.7426	-579.1621	-54.58046	1	1	1	0	0	1	1
69500	-626.7859	-572.1308	-54.65513	1	1	1	1	1	0	0
69600	-641.4907	-576.0318	-65.45894	1	1	1	1	0	1	1
69700	-628.0383	-573.2457	-54.79268	1	1	1	0	1	0	1
69800	-642.9483	-575.104	-67.84429	1	1	0	1	1	0	0
69900	-630.52	-571.176	-59.344	1	1	1	0	1	0	1
70000	-627.943	-575.05	-52.89302	1	1	1	1	0	1	0
70100	-638.5762	-577.6685	-60.90764	1	1	1	1	1	0	0
70200	-640.9818	-577.0039	-63.97797	1	1	1	0	0	0	1
70300	-647.7057	-576.4787	-71.22695	1	1	1	0	1	1	1
70400	-637.9667	-575.3209	-62.64578	1	1	1	1	1	0	1
70500	-641.8893	-571.8779	-70.01142	1	1	1	1	1	1	1
70600	-656.3238	-585.3657	-70.95806	1	1	1	0	1	1	0
70700	-656.1617	-577.5816	-78.58009	1	1	1	1	0	1	1
70800	-626.9295	-576.9294	-50.00007	1	1	1	1	1	0	1
70900	-625.3804	-572.4469	-52.93348	1	1	1	0	1	1	0
71000	-639.4572	-579.3706	-60.08653	1	1	0	0	1	0	1
71100	-632.551	-572.1287	-60.42231	1	1	1	0	1	0	1
71200	-641.5317	-576.3342	-65.19748	1	1	1	1	0	0	0
71300	-643.3631	-576.657	-66.70602	1	1	1	0	0	0	0
71400	-651.3341	-580.47	-70.86417	1	1	1	1	1	0	0
71500	-633.7027	-573.4955	-60.20723	1	1	1	1	1	1	0
71600	-634.3777	-580.9738	-53.40396	1	1	1	1	1	1	0
71700	-644.9466	-578.6313	-66.31528	1	1	1	0	0	0	0
71800	-631.7337	-573.717	-58.01674	1	1	1	0	0	1	0
71900	-639.2042	-572.6321	-66.57214	1	1	1	1	0	0	1
72000	-633.1657	-575.0337	-58.13197	1	1	1	1	1	1	0
72100	-627.1769	-572.0269	-55.15001	1	1	1	1	1	1	0
72200	-631.7286	-573.7352	-57.99338	1	1	1	0	0	0	1
72300	-627.9708	-569.511	-58.45985	1	1	1	1	1	0	1
72400	-629.4666	-573.8185	-55.64817	1	1	1	1	0	1	1
72500	-631.9124	-573.2579	-58.65451	1	1	0	0	1	0	1
72600	-630.3429	-573.8534	-56.48945	1	1	1	0	1	0	1
72700	-637.1691	-577.6695	-59.49952	1	1	1	1	0	0	0
72800	-645.9506	-582.7037	-63.24691	1	1	1	0	0	1	1
72900	-644.9672	-575.4375	-69.52972	1	1	1	0	1	0	0
73000	-628.2853	-571.6122	-56.6731	1	1	1	0	0	0	1
73100	-634.2517	-572.9884	-61.2633	1	1	1	1	0	1	1
73200	-640.3977	-575.6454	-64.75236	1	1	1	0	0	0	0
73300	-645.5361	-573.9324	-71.6037	1	1	0	0	1	0	1
73400	-631.9396	-577.9748	-53.96476	1	1	1	0	0	1	1
73500	-637.2858	-574.2428	-63.04297	1	1	1	0	1	0	0
73600	-633.475	-573.975	-59.50001	1	1	1	0	0	0	0
73700	-639.9723	-577.2064	-62.76591	1	1	1	0	1	1	0
73800	-634.6481	-577.447	-57.20101	1	1	1	0	1	0	1
73900	-642.8591	-575.1191	-67.74002	1	1	1	1	0	0	1
74000	-631.079	-574.4586	-56.6204	1	1	1	0	1	0	0
74100	-640.9896	-583.3073	-57.68234	1	1	0	1	1	0	0
74200	-638.7944	-577.1863	-61.60816	1	1	1	1	0	1	1
74300	-643.5994	-576.8415	-66.75783	1	1	1	1	0	0	0
74400	-641.5622	-574.5586	-67.00357	1	1	1	0	1	1	1
74500	-644.7432	-580.1565	-64.58676	1	1	1	0	1	0	0
74600	-637.4986	-577.8257	-59.6729	1	1	1	0	0	0	1
74700	-630.5903	-573.338	-57.25233	1	1	1	0	1	1	1
74800	-642.0729	-576.8616	-65.2113	1	1	1	1	1	0	1
74900	-640.9008	-578.848	-62.05272	1	1	1	1	0	1	0
75000	-639.1118	-577.113	-61.99879	1	1	1	1	1	0	1
75100	-638.3451	-577.6837	-60.66136	1	1	1	0	1	1	1
75200	-629.6121	-574.3536	-55.25848	1	1	1	0	1	0	0
75300	-652.3668	-583.2912	-69.0756	1	1	1	0	1	1	0
75400	-642.4039	-580.0165	-62.38743	1	1	1	0	0	0	0
75500	-636.1574	-577.3184	-58.83904	1	1	0	0	1	1	1
75600	-640.5949	-581.134	-59.46093	1	1	1	0	0	0	1
75700	-632.0205	-573.4658	-58.55468	1	1	1	1	0	0	0
75800	-650.7412	-578.2789	-72.46232	1	1	1	0	0	0	1
75900	-636.9191	-583.5376	-53.38154	1	1	1	0	0	1	0
76000	-661.9087	-579.5074	-82.40135	1	1	1	1	1	0	0
76100	-642.2206	-576.2022	-66.01837	1	1	1	0	0	0	0
76200	-628.5744	-575.9376	-52.63687	1	1	1	0	0	0	0
76300	-634.7574	-572.7484	-62.00901	1	1	1	0	1	0	0
76400	-640.4249	-574.9628	-65.46212	1	1	1	0	0	1	0
76500	-639.9796	-574.5147	-65.46486	1	1	1	1	0	1	1
76600	-634.1111	-577.6079	-56.50318	1	1	1	0	0	1	0
76700	-631.1463	-570.9544	-60.19192	1	1	1	1	1	1	0
76800	-638.8876	-582.5485	-56.33913	1	1	0	1	1	0	0
76900	-638.9384	-577.0112	-61.92729	1	1	1	0	1	1	1
77000	-633.6611	-572.9622	-60.69889	1	1	1	1	0	1	0
77100	-645.0662	-580.3276	-64.73859	1	1	1	1	1	0	1
77200	-659.4966	-589.0429	-70.45378	1	1	1	0	1	1	1
77300	-642.5378	-580.1251	-62.41272	1	1	1	0	1	0	0
77400	-639.424	-575.9279	-63.49609	1	1	1	1	1	0	1
77500	-633.4112	-578.9879	-54.42325	1	1	1	1	1	1	0
77600	-643.3325	-575.3487	-67.98377	1	1	1	0	0	0	1
77700	-646.7901	-581.3451	-65.44502	0	1	0	0	0	0	0
77800	-627.5151	-572.2547	-55.26036	1	1	1	1	1	0	0
77900	-643.1027	-578.7437	-64.359	1	1	1	1	1	1	0
78000	-635.0178	-573.9665	-61.05138	1	1	1	0	0	0	0
78100	-643.4649	-576.3001	-67.16482	1	1	1	1	1	0	1
78200	-645.6024	-576.8469	-68.75549	1	1	1	1	0	0	1
78300	-636.8143	-578.2781	-58.53615	1	1	1	1	1	0	1
78400	-646.7467	-572.1599	-74.58676	1	1	1	1	0	1	1
78500	-642.2056	-574.761	-67.44463	1	1	1	0	1	1	1
78600	-641.9488	-579.8996	-62.04922	1	1	1	1	0	1	0
78700	-635.9981	-575.0692	-60.92889	1	1	1	0	1	0	0
78800	-630.6432	-573.698	-56.94527	1	1	1	1	1	0	0
78900	-637.9284	-577.679	-60.24939	1	1	0	1	1	0	1
79000	-636.9188	-571.8838	-65.03504	1	1	1	1	0	0	0
79100	-636.7302	-570.9443	-65.78586	1	1	1	1	1	0	0
79200	-653.5908	-581.0881	-72.50271	1	1	0	0	1	1	0
79300	-639.5833	-573.392	-66.19126	1	1	1	1	1	0	0
79400	-638.199	-575.6388	-62.56017	1	1	1	0	1	1	1
79500	-645.3176	-579.375	-65.94262	1	1	1	0	0	0	0
79600	-642.5434	-577.6434	-64.89999	1	1	1	0	0	1	1
79700	-638.746	-579.5896	-59.15635	0	1	0	1	0	1	1
79800	-649.0615	-574.5069	-74.55461	1	1	1	1	0	0	0
79900	-634.6365	-573.7333	-60.90315	1	1	1	0	0	0	1
80000	-633.2067	-577.7344	-55.47228	1	1	0	0	1	1	0
80100	-634.5121	-576.0586	-58.45346	1	1	0	1	1	1	0
80200	-636.0448	-579.1999	-56.8449	1	1	1	1	1	0	1
80300	-638.3107	-573.1817	-65.129	1	1	1	1	0	1	1
80400	-642.4496	-576.1481	-66.30152	1	1	1	1	0	0	0
80500	-631.6119	-578.4543	-53.15765	1	1	1	0	1	1	0
80600	-642.092	-571.5479	-70.54411	1	1	1	1	1	0	0
80700	-643.422	-574.1657	-69.2563	1	1	1	1	1	0	1
80800	-651.1394	-584.4522	-66.6872	1	1	1	1	1	0	0
80900	-645.3315	-581.6591	-63.67246	1	1	1	1	0	1	0
81000	-627.2927	-574.521	-52.77172	1	1	1	0	1	1	0
81100	-635.438	-572.5862	-62.85186	1	1	1	0	1	0	0
81200	-639.6353	-581.7899	-57.84538	1	1	1	1	1	0	1
81300	-639.2232	-576.4701	-62.75309	1	1	1	0	1	0	0
81400	-634.4185	-572.8845	-61.53396	1	1	1	0	0	1	0
81500	-647.5423	-590.0811	-57.46114	1	1	0	0	1	0	0
81600	-641.2481	-579.6016	-61.64651	1	1	1	1	0	0	0
81700	-632.5082	-576.1896	-56.31859	1	1	1	1	0	0	0
81800	-629.8478	-569.772	-60.07574	1	1	1	0	0	0	0
81900	-633.4758	-576.7456	-56.73013	1	1	1	0	0	1	0
82000	-639.3238	-576.3813	-62.9425	1	1	1	1	1	0	1
82100	-641.8364	-579.556	-62.28045	1	1	1	0	0	1	0
82200	-635.6197	-577.352	-58.2677	1	1	1	0	1	1	0
82300	-632.8055	-574.1658	-58.63964	1	1	0	0	1	0	0
82400	-633.9891	-580.3661	-53.623	1	1	0	0	1	1	1
82500	-641.4101	-580.0615	-61.34854	1	1	1	0	1	1	0
82600	-645.6969	-574.9154	-70.78153	1	1	1	1	0	0	1
82700	-650.6174	-583.8485	-66.76891	1	1	0	1	1	0	1
82800	-639.405	-574.5676	-64.83747	1	1	1	1	1	0	1
82900	-634.1892	-575.7348	-58.4544	1	1	1	1	0	0	1
83000	-633.952	-575.8642	-58.08775	1	1	1	1	0	0	1
83100	-632.5361	-574.4387	-58.09736	1	1	1	1	1	1	0
83200	-645.264	-574.2939	-70.97007	1	1	1	1	1	1	0
83300	-633.4832	-575.2675	-58.21571	1	1	1	1	1	1	0
83400	-628.6632	-569.2278	-59.43533	1	1	1	1	0	0	1
83500	-635.3987	-582.2294	-53.16933	1	1	1	1	1	1	1
83600	-641.2074	-573.8423	-67.36501	1	1	1	0	0	1	0
83700	-639.5671	-581.5721	-57.99501	0	1	0	0	0	0	0
83800	-640.6373	-577.4678	-63.16948	1	1	1	1	0	0	0
83900	-636.5365	-572.4027	-64.13374	1	1	1	0	1	1	0
84000	-631.9017	-578.6553	-53.24643	1	1	1	0	0	1	1
84100	-632.8704	-574.787	-58.0834	1	1	1	1	0	0	0
84200	-648.1235	-569.2972	-78.82633	1	1	1	0	0	1	1
84300	-647.1586	-579.1823	-67.97628	1	1	1	1	1	0	1
84400	-635.5323	-572.3859	-63.1464	1	1	1	0	1	1	0
84500	-624.7685	-574.277	-50.49149	1	1	1	0	0	0	0
84600	-635.516	-569.0471	-66.46895	1	1	1	0	1	0	1
84700	-640.751	-574.2166	-66.53433	1	1	1	1	0	0	0
84800	-636.2872	-567.4126	-68.87467	1	1	1	0	1	0	0
84900	-661.1715	-583.8388	-77.33274	1	1	1	1	0	1	1
85000	-645.1187	-575.194	-69.92469	1	1	1	0	1	0	0
85100	-644.1559	-570.6783	-73.47765	1	1	1	1	0	1	1
85200	-639.4941	-575.2431	-64.25099	1	1	1	0	1	1	0
85300	-645.2824	-577.0468	-68.23558	1	1	1	1	0	1	0
85400	-641.7518	-572.3436	-69.40828	1	1	1	1	0	0	1
85500	-654.1626	-580.0961	-74.06654	1	1	1	0	1	1	1
85600	-634.8821	-578.604	-56.27813	1	1	0	0	1	1	0
85700	-635.0895	-577.2501	-57.83945	1	1	0	1	1	0	0
85800	-636.0993	-575.1919	-60.90745	1	1	0	1	1	0	1
85900	-659.3934	-575.0446	-84.34882	1	1	1	1	1	1	1
86000	-625.3165	-572.2149	-53.1016	1	1	1	0	1	0	0
86100	-628.7475	-577.4106	-51.33681	1	1	1	0	1	1	0
86200	-645.6275	-574.2697	-71.35781	1	1	1	0	1	0	0
86300	-630.6718	-572.0363	-58.63551	1	1	1	0	1	0	0
86400	-648.3968	-577.3182	-71.07856	1	1	1	0	1	1	0
86500	-639.3005	-572.1475	-67.15305	1	1	1	1	0	0	0
86600	-633.5287	-575.0261	-58.50259	1	1	1	0	1	1	0
86700	-654.5459	-585.0991	-69.4468	1	1	1	1	0	0	0
86800	-647.2169	-579.4293	-67.78754	1	1	1	0	1	0	0
86900	-633.7775	-574.3986	-59.37898	1	1	1	0	0	1	1
87000	-632.9157	-574.4014	-58.51432	1	1	1	0	1	0	1
87100	-634.9866	-578.4327	-56.55381	1	1	1	0	0	1	0
87200	-644.1579	-580.8683	-63.28959	1	1	1	0	0	0	0
87300	-631.7444	-574.7232	-57.0212	1	1	1	0	0	1	1
87400	-645.6539	-576.0818	-69.57211	1	1	1	0	1	1	1
87500	-643.6681	-577.9871	-65.68106	1	1	0	0	1	1	0
87600	-628.0745	-572.7659	-55.3086	1	1	1	0	1	1	0
87700	-623.4238	-574.7413	-48.68248	1	1	1	0	0	1	0
87800	-638.6469	-577.1083	-61.53858	1	1	1	1	0	0	0
87900	-636.4002	-574.0931	-62.30704	1	1	1	1	1	0	0
88000	-638.5261	-578.241	-60.28507	1	1	1	0	0	1	0
88100	-653.5533	-575.0034	-78.54983	1	1	1	0	0	0	0
88200	-648.4682	-577.365	-71.10318	1	1	0	1	1	1	0
88300	-643.3033	-584.4972	-58.80609	1	1	1	1	1	0	1
88400	-636.5319	-573.8134	-62.7185	1	1	1	1	0	1	1
88500	-635.82	-577.2108	-58.60911	1	1	1	1	1	0	1
88600	-631.5144	-570.7625	-60.75185	1	1	1	1	1	0	0
88700	-635.3246	-577.5306	-57.79407	1	1	0	0	1	1	0
88800	-651.0531	-582.7241	-68.32897	1	1	1	1	1	0	1
88900	-640.1395	-575.592	-64.54754	1	1	1	0	1	0	1
89000	-641.0887	-579.3133	-61.77542	1	1	1	0	1	1	0
89100	-636.8409	-572.9421	-63.89884	1	1	1	0	0	0	1
89200	-635.3422	-572.318	-63.02418	1	1	1	0	0	1	0
89300	-636.6007	-576.1767	-60.42401	1	1	1	0	1	0	0
89400	-645.5731	-580.5145	-65.05857	1	1	1	0	0	0	0
89500	-642.2382	-572.9634	-69.27479	1	1	1	1	1	0	0
89600	-634.4021	-575.1404	-59.26163	1	1	1	0	0	1	0
89700	-644.7334	-575.7601	-68.97323	1	1	1	0	0	1	0
89800	-636.1472	-577.2479	-58.89932	1	1	1	1	0	0	1
89900	-638.8097	-575.6991	-63.11057	1	1	1	1	0	1	0
90000	-632.1312	-575.8651	-56.26605	1	1	1	0	0	0	0
90100	-635.6435	-575.4894	-60.15405	1	1	1	1	1	1	1
90200	-643.9251	-580.1955	-63.7296	1	1	1	1	0	1	0
90300	-648.2312	-574.1917	-74.03951	1	1	1	0	1	0	0
90400	-650.4287	-585.6208	-64.80783	1	1	1	0	0	1	1
90500	-659.487	-578.0621	-81.42493	1	1	1	0	1	0	1
90600	-647.7419	-574.7726	-72.96936	1	1	1	1	1	1	0
90700	-636.7334	-577.0593	-59.67414	1	1	1	0	1	1	0
90800	-643.6406	-569.7379	-73.9027	1	1	0	0	1	0	0
90900	-646.4674	-578.9976	-67.46978	1	1	1	0	1	0	1
91000	-634.4581	-575.6222	-58.83586	1	1	1	1	1	0	0
91100	-640.2401	-573.0149	-67.22519	1	1	1	0	1	0	1
91200	-639.3941	-574.413	-64.98116	1	1	1	1	1	0	0
91300	-633.0993	-573.9776	-59.12172	1	1	1	1	0	0	0
91400	-633.1607	-573.691	-59.46965	1	1	1	1	1	0	1
91500	-632.5761	-572.9287	-59.64739	1	1	1	1	0	1	0
91600	-640.6203	-579.0475	-61.5728	1	1	1	0	1	0	0
91700	-631.2961	-572.7365	-58.55962	1	1	1	0	0	1	1
91800	-633.3467	-570.9893	-62.35739	1	1	1	0	0	1	1
91900	-634.2799	-575.9155	-58.36432	1	1	0	0	1	0	1
92000	-644.98	-575.7068	-69.27314	1	1	0	0	1	1	1
92100	-640.0546	-575.6621	-64.39252	1	1	1	1	1	0	0
92200	-634.2934	-578.2743	-56.01915	1	1	1	0	1	0	0
92300	-640.6731	-576.1552	-64.51791	1	1	0	1	1	1	0
92400	-642.9098	-577.053	-65.85683	1	1	1	0	0	0	0
92500	-628.0389	-571.448	-56.59087	1	1	1	1	0	0	0
92600	-636.2946	-575.1395	-61.15507	1	1	1	1	1	1	0
92700	-645.0639	-578.026	-67.03789	1	1	1	0	0	0	0
92800	-637.8333	-572.5768	-65.25653	1	1	1	0	1	0	0
92900	-636.0751	-577.2146	-58.86051	1	1	1	0	0	1	0
93000	-639.2572	-575.4422	-63.81507	1	1	0	1	1	0	1
93100	-636.3094	-572.8804	-63.42906	1	1	1	1	1	1	1
93200	-652.9292	-581.909	-71.02016	1	1	1	1	0	1	1
93300	-626.0057	-571.055	-54.95069	1	1	1	1	1	1	0
93400	-630.5805	-573.9078	-56.6727	1	1	1	0	1	0	1
93500	-643.6144	-572.0164	-71.59795	1	1	1	0	0	0	0
93600	-625.378	-574.5183	-50.85967	1	1	1	1	0	0	1
93700	-639.4592	-573.1547	-66.30449	1	1	1	1	1	0	1
93800	-646.3731	-577.4946	-68.8785	1	1	0	0	1	1	0
93900	-637.2233	-582.3661	-54.85721	1	1	1	1	1	1	0
94000	-630.4387	-573.8405	-56.59823	1	1	1	0	1	1	0
94100	-641.9037	-580.873	-61.03072	1	1	1	1	1	1	0
94200	-638.0857	-579.116	-58.96966	1	1	1	1	0	1	1
94300	-629.2746	-573.3002	-55.97444	1	1	1	0	1	0	0
94400	-641.4043	-581.9444	-59.4599	1	1	1	0	1	1	0
94500	-650.1947	-579.3457	-70.849	1	1	1	0	1	1	1
94600	-631.5001	-573.6614	-57.83869	1	1	1	0	0	0	1
94700	-649.2957	-573.3596	-75.93613	1	1	1	0	0	1	0
94800	-645.9609	-582.218	-63.74287	1	1	1	1	1	1	0
94900	-638.5805	-575.1971	-63.38347	1	1	1	1	0	0	0
95000	-636.7105	-576.6871	-60.02342	1	1	1	0	0	1	1
95100	-640.8535	-579.1253	-61.72817	1	1	0	0	1	1	1
95200	-639.6448	-579.8258	-59.81899	1	1	1	0	0	0	1
95300	-638.6661	-579.8152	-58.85093	1	1	1	0	1	0	1
95400	-649.4086	-580.6387	-68.76995	1	1	1	0	0	0	1
95500	-644.6734	-573.6393	-71.03409	1	1	1	1	1	1	0
95600	-643.9865	-574.6537	-69.33279	1	1	0	0	1	0	1
95700	-634.7398	-575.7797	-58.96015	1	1	1	1	1	1	0
95800	-636.1713	-579.0051	-57.16615	1	1	0	0	1	0	1
95900	-629.344	-573.6102	-55.73383	1	1	1	1	0	0	1
96000	-637.2416	-576.1549	-61.08665	1	1	0	1	1	1	1
96100	-631.7569	-574.6799	-57.07699	1	1	1	0	0	0	1
96200	-638.3164	-576.557	-61.75939	1	1	1	1	1	1	1
96300	-661.5476	-580.4918	-81.05576	1	1	1	1	0	1	1
96400	-643.2232	-576.4106	-66.81262	1	1	1	0	1	1	1
96500	-648.3398	-584.0993	-64.24053	1	1	1	0	1	0	0
96600	-638.6937	-578.4146	-60.27906	1	1	1	0	1	0	1
96700	-628.1664	-575.674	-52.49232	1	1	1	0	0	0	1
96800	-638.6228	-573.0107	-65.61211	1	1	1	1	0	0	0
96900	-644.2345	-574.349	-69.88546	1	1	1	1	1	0	1
97000	-649.788	-578.1513	-71.63673	1	1	1	0	0	1	0
97100	-638.7427	-575.0074	-63.73532	1	1	1	0	1	0	1
97200	-649.1824	-577.7516	-71.43083	1	1	1	1	1	0	0
97300	-638.3114	-571.8588	-66.45267	1	1	0	1	1	0	0
97400	-645.6895	-574.2892	-71.40026	1	1	1	1	0	0	1
97500	-643.5237	-578.1612	-65.36248	1	1	0	1	1	0	0
97600	-642.5441	-580.3699	-62.17418	1	1	1	1	0	0	0
97700	-633.8919	-569.4151	-64.47681	1	1	1	0	1	0	0
97800	-632.6384	-574.3712	-58.26716	1	1	1	1	1	0	1
97900	-631.1139	-577.1355	-53.97844	1	1	1	0	1	1	0
98000	-629.5256	-574.952	-54.57357	1	1	1	1	0	0	0
98100	-631.3838	-572.8411	-58.54262	1	1	1	1	1	1	0
98200	-630.9653	-573.6752	-57.29012	1	1	1	0	1	0	0
98300	-629.3946	-572.3126	-57.08193	1	1	1	0	0	1	1
98400	-634.4346	-573.3781	-61.05647	1	1	1	1	0	1	0
98500	-640.8584	-577.8117	-63.04672	1	1	1	0	1	0	0
98600	-637.1178	-575.7465	-61.37138	1	1	1	1	0	0	0
98700	-640.7761	-575.2229	-65.55316	1	1	1	0	0	0	1
98800	-636.0944	-579.3507	-56.74372	1	1	1	0	1	1	0
98900	-638.1165	-571.0041	-67.11244	1	1	1	1	0	0	1
99000	-635.2521	-577.8214	-57.43067	1	1	1	1	1	1	1
99100	-637.8386	-580.1614	-57.67711	1	1	1	0	0	0	0
99200	-650.6927	-581.3523	-69.34041	1	1	1	1	1	0	0
99300	-641.3051	-578.9807	-62.32441	0	1	0	0	0	1	0
99400	-648.713	-580.3467	-68.36639	1	1	1	1	0	1	0
99500	-633.9416	-572.0061	-61.93553	1	1	0	0	1	0	1
99600	-633.9864	-575.5408	-58.44562	1	1	0	1	1	0	0
99700	-648.6821	-578.5412	-70.14091	1	1	1	1	0	0	0
99800	-637.9071	-580.6869	-57.22019	1	1	1	0	1	0	0
99900	-652.1332	-586.2487	-65.88457	1	1	0	1	1	1	0
100000	-632.2246	-574.9521	-57.27247	1	1	1	0	1	0	0
